2020-02-28 11:55:47 [main] INFO  com.wnsf.yjxt.YjxtApplicationTests - Starting YjxtApplicationTests on DESKTOP-OEERP2L with PID 32096 (started by Starry_sky in E:\Program\JavaEE\item\yjxt)
2020-02-28 11:55:47 [main] INFO  com.wnsf.yjxt.YjxtApplicationTests - No active profile set, falling back to default profiles: default
2020-02-28 11:56:03 [main] INFO  org.springframework.scheduling.concurrent.ThreadPoolTaskExecutor - Initializing ExecutorService 'applicationTaskExecutor'
2020-02-28 11:56:04 [main] INFO  org.springframework.boot.autoconfigure.web.servlet.WelcomePageHandlerMapping - Adding welcome page template: index
2020-02-28 11:56:05 [main] INFO  com.wnsf.yjxt.YjxtApplicationTests - Started YjxtApplicationTests in 22.296 seconds (JVM running for 31.94)
2020-02-28 11:56:09 [SpringContextShutdownHook] INFO  org.springframework.scheduling.concurrent.ThreadPoolTaskExecutor - Shutting down ExecutorService 'applicationTaskExecutor'
2020-02-28 11:56:09 [SpringContextShutdownHook] INFO  com.alibaba.druid.pool.DruidDataSource - {dataSource-0} closing ...
2020-02-28 12:38:15 [main] INFO  com.wnsf.yjxt.YjxtApplicationTests - Starting YjxtApplicationTests on DESKTOP-OEERP2L with PID 27560 (started by Starry_sky in E:\Program\JavaEE\item\yjxt)
2020-02-28 12:38:15 [main] INFO  com.wnsf.yjxt.YjxtApplicationTests - No active profile set, falling back to default profiles: default
2020-02-28 12:38:30 [main] INFO  org.springframework.scheduling.concurrent.ThreadPoolTaskExecutor - Initializing ExecutorService 'applicationTaskExecutor'
2020-02-28 12:38:31 [main] INFO  org.springframework.boot.autoconfigure.web.servlet.WelcomePageHandlerMapping - Adding welcome page template: index
2020-02-28 12:38:32 [main] INFO  com.wnsf.yjxt.YjxtApplicationTests - Started YjxtApplicationTests in 22.157 seconds (JVM running for 34.057)
2020-02-28 12:38:39 [SpringContextShutdownHook] INFO  org.springframework.scheduling.concurrent.ThreadPoolTaskExecutor - Shutting down ExecutorService 'applicationTaskExecutor'
2020-02-28 12:38:39 [SpringContextShutdownHook] INFO  com.alibaba.druid.pool.DruidDataSource - {dataSource-0} closing ...
2020-02-28 12:43:37 [main] INFO  com.wnsf.yjxt.YjxtApplicationTests - Starting YjxtApplicationTests on DESKTOP-OEERP2L with PID 24240 (started by Starry_sky in E:\Program\JavaEE\item\yjxt)
2020-02-28 12:43:37 [main] INFO  com.wnsf.yjxt.YjxtApplicationTests - No active profile set, falling back to default profiles: default
2020-02-28 12:43:53 [main] INFO  org.springframework.scheduling.concurrent.ThreadPoolTaskExecutor - Initializing ExecutorService 'applicationTaskExecutor'
2020-02-28 12:43:54 [main] INFO  org.springframework.boot.autoconfigure.web.servlet.WelcomePageHandlerMapping - Adding welcome page template: index
2020-02-28 12:43:55 [main] INFO  com.wnsf.yjxt.YjxtApplicationTests - Started YjxtApplicationTests in 22.294 seconds (JVM running for 31.059)
2020-02-28 12:43:58 [SpringContextShutdownHook] INFO  org.springframework.scheduling.concurrent.ThreadPoolTaskExecutor - Shutting down ExecutorService 'applicationTaskExecutor'
2020-02-28 12:43:58 [SpringContextShutdownHook] INFO  com.alibaba.druid.pool.DruidDataSource - {dataSource-0} closing ...
2020-02-28 12:45:29 [main] INFO  com.wnsf.yjxt.YjxtApplicationTests - Starting YjxtApplicationTests on DESKTOP-OEERP2L with PID 29428 (started by Starry_sky in E:\Program\JavaEE\item\yjxt)
2020-02-28 12:45:29 [main] INFO  com.wnsf.yjxt.YjxtApplicationTests - No active profile set, falling back to default profiles: default
2020-02-28 12:45:44 [main] INFO  org.springframework.scheduling.concurrent.ThreadPoolTaskExecutor - Initializing ExecutorService 'applicationTaskExecutor'
2020-02-28 12:45:45 [main] INFO  org.springframework.boot.autoconfigure.web.servlet.WelcomePageHandlerMapping - Adding welcome page template: index
2020-02-28 12:45:46 [main] INFO  com.wnsf.yjxt.YjxtApplicationTests - Started YjxtApplicationTests in 22.211 seconds (JVM running for 31.124)
2020-02-28 12:45:50 [SpringContextShutdownHook] INFO  org.springframework.scheduling.concurrent.ThreadPoolTaskExecutor - Shutting down ExecutorService 'applicationTaskExecutor'
2020-02-28 12:45:50 [SpringContextShutdownHook] INFO  com.alibaba.druid.pool.DruidDataSource - {dataSource-0} closing ...
2020-02-28 12:46:46 [main] INFO  com.wnsf.yjxt.YjxtApplicationTests - Starting YjxtApplicationTests on DESKTOP-OEERP2L with PID 30704 (started by Starry_sky in E:\Program\JavaEE\item\yjxt)
2020-02-28 12:46:46 [main] INFO  com.wnsf.yjxt.YjxtApplicationTests - No active profile set, falling back to default profiles: default
2020-02-28 12:47:02 [main] INFO  org.springframework.scheduling.concurrent.ThreadPoolTaskExecutor - Initializing ExecutorService 'applicationTaskExecutor'
2020-02-28 12:47:03 [main] INFO  org.springframework.boot.autoconfigure.web.servlet.WelcomePageHandlerMapping - Adding welcome page template: index
2020-02-28 12:47:04 [main] INFO  com.wnsf.yjxt.YjxtApplicationTests - Started YjxtApplicationTests in 22.445 seconds (JVM running for 31.519)
2020-02-28 12:47:08 [SpringContextShutdownHook] INFO  org.springframework.scheduling.concurrent.ThreadPoolTaskExecutor - Shutting down ExecutorService 'applicationTaskExecutor'
2020-02-28 12:47:08 [SpringContextShutdownHook] INFO  com.alibaba.druid.pool.DruidDataSource - {dataSource-0} closing ...
2020-02-28 12:48:03 [main] INFO  com.wnsf.yjxt.YjxtApplicationTests - Starting YjxtApplicationTests on DESKTOP-OEERP2L with PID 19544 (started by Starry_sky in E:\Program\JavaEE\item\yjxt)
2020-02-28 12:48:03 [main] INFO  com.wnsf.yjxt.YjxtApplicationTests - No active profile set, falling back to default profiles: default
2020-02-28 12:48:18 [main] INFO  org.springframework.scheduling.concurrent.ThreadPoolTaskExecutor - Initializing ExecutorService 'applicationTaskExecutor'
2020-02-28 12:48:18 [main] INFO  org.springframework.boot.autoconfigure.web.servlet.WelcomePageHandlerMapping - Adding welcome page template: index
2020-02-28 12:48:20 [main] INFO  com.wnsf.yjxt.YjxtApplicationTests - Started YjxtApplicationTests in 20.553 seconds (JVM running for 29.743)
2020-02-28 12:48:23 [SpringContextShutdownHook] INFO  org.springframework.scheduling.concurrent.ThreadPoolTaskExecutor - Shutting down ExecutorService 'applicationTaskExecutor'
2020-02-28 12:48:23 [SpringContextShutdownHook] INFO  com.alibaba.druid.pool.DruidDataSource - {dataSource-0} closing ...
2020-02-28 12:49:30 [main] INFO  com.wnsf.yjxt.YjxtApplicationTests - Starting YjxtApplicationTests on DESKTOP-OEERP2L with PID 33204 (started by Starry_sky in E:\Program\JavaEE\item\yjxt)
2020-02-28 12:49:30 [main] INFO  com.wnsf.yjxt.YjxtApplicationTests - No active profile set, falling back to default profiles: default
2020-02-28 12:49:45 [main] INFO  org.springframework.scheduling.concurrent.ThreadPoolTaskExecutor - Initializing ExecutorService 'applicationTaskExecutor'
2020-02-28 12:49:45 [main] INFO  org.springframework.boot.autoconfigure.web.servlet.WelcomePageHandlerMapping - Adding welcome page template: index
2020-02-28 12:49:47 [main] INFO  com.wnsf.yjxt.YjxtApplicationTests - Started YjxtApplicationTests in 19.912 seconds (JVM running for 28.799)
2020-02-28 12:49:50 [SpringContextShutdownHook] INFO  org.springframework.scheduling.concurrent.ThreadPoolTaskExecutor - Shutting down ExecutorService 'applicationTaskExecutor'
2020-02-28 12:49:50 [SpringContextShutdownHook] INFO  com.alibaba.druid.pool.DruidDataSource - {dataSource-0} closing ...
2020-02-28 12:51:15 [main] INFO  com.wnsf.yjxt.YjxtApplicationTests - Starting YjxtApplicationTests on DESKTOP-OEERP2L with PID 22088 (started by Starry_sky in E:\Program\JavaEE\item\yjxt)
2020-02-28 12:51:15 [main] INFO  com.wnsf.yjxt.YjxtApplicationTests - No active profile set, falling back to default profiles: default
2020-02-28 12:51:30 [main] INFO  org.springframework.scheduling.concurrent.ThreadPoolTaskExecutor - Initializing ExecutorService 'applicationTaskExecutor'
2020-02-28 12:51:30 [main] INFO  org.springframework.boot.autoconfigure.web.servlet.WelcomePageHandlerMapping - Adding welcome page template: index
2020-02-28 12:51:32 [main] INFO  com.wnsf.yjxt.YjxtApplicationTests - Started YjxtApplicationTests in 20.391 seconds (JVM running for 29.09)
2020-02-28 12:51:36 [SpringContextShutdownHook] INFO  org.springframework.scheduling.concurrent.ThreadPoolTaskExecutor - Shutting down ExecutorService 'applicationTaskExecutor'
2020-02-28 12:51:36 [SpringContextShutdownHook] INFO  com.alibaba.druid.pool.DruidDataSource - {dataSource-0} closing ...
2020-02-28 12:55:40 [main] INFO  com.wnsf.yjxt.YjxtApplicationTests - Starting YjxtApplicationTests on DESKTOP-OEERP2L with PID 19296 (started by Starry_sky in E:\Program\JavaEE\item\yjxt)
2020-02-28 12:55:40 [main] INFO  com.wnsf.yjxt.YjxtApplicationTests - No active profile set, falling back to default profiles: default
2020-02-28 12:55:54 [main] INFO  org.springframework.scheduling.concurrent.ThreadPoolTaskExecutor - Initializing ExecutorService 'applicationTaskExecutor'
2020-02-28 12:55:54 [main] INFO  org.springframework.boot.autoconfigure.web.servlet.WelcomePageHandlerMapping - Adding welcome page template: index
2020-02-28 12:55:56 [main] INFO  com.wnsf.yjxt.YjxtApplicationTests - Started YjxtApplicationTests in 20.879 seconds (JVM running for 29.794)
2020-02-28 12:56:01 [main] INFO  com.alibaba.druid.pool.DruidDataSource - {dataSource-1} inited
2020-02-28 12:56:02 [SpringContextShutdownHook] INFO  org.springframework.scheduling.concurrent.ThreadPoolTaskExecutor - Shutting down ExecutorService 'applicationTaskExecutor'
2020-02-28 12:56:02 [SpringContextShutdownHook] INFO  com.alibaba.druid.pool.DruidDataSource - {dataSource-1} closing ...
2020-02-28 12:56:02 [SpringContextShutdownHook] INFO  com.alibaba.druid.pool.DruidDataSource - {dataSource-1} closed
2020-02-28 12:57:41 [main] INFO  com.wnsf.yjxt.YjxtApplicationTests - Starting YjxtApplicationTests on DESKTOP-OEERP2L with PID 11020 (started by Starry_sky in E:\Program\JavaEE\item\yjxt)
2020-02-28 12:57:41 [main] INFO  com.wnsf.yjxt.YjxtApplicationTests - No active profile set, falling back to default profiles: default
2020-02-28 12:57:56 [main] INFO  org.springframework.scheduling.concurrent.ThreadPoolTaskExecutor - Initializing ExecutorService 'applicationTaskExecutor'
2020-02-28 12:57:56 [main] INFO  org.springframework.boot.autoconfigure.web.servlet.WelcomePageHandlerMapping - Adding welcome page template: index
2020-02-28 12:57:58 [main] INFO  com.wnsf.yjxt.YjxtApplicationTests - Started YjxtApplicationTests in 21.142 seconds (JVM running for 29.766)
2020-02-28 12:58:02 [SpringContextShutdownHook] INFO  org.springframework.scheduling.concurrent.ThreadPoolTaskExecutor - Shutting down ExecutorService 'applicationTaskExecutor'
2020-02-28 12:58:02 [SpringContextShutdownHook] INFO  com.alibaba.druid.pool.DruidDataSource - {dataSource-0} closing ...
2020-02-28 12:59:19 [main] INFO  com.wnsf.yjxt.YjxtApplicationTests - Starting YjxtApplicationTests on DESKTOP-OEERP2L with PID 28500 (started by Starry_sky in E:\Program\JavaEE\item\yjxt)
2020-02-28 12:59:19 [main] INFO  com.wnsf.yjxt.YjxtApplicationTests - No active profile set, falling back to default profiles: default
2020-02-28 12:59:33 [main] INFO  org.springframework.scheduling.concurrent.ThreadPoolTaskExecutor - Initializing ExecutorService 'applicationTaskExecutor'
2020-02-28 12:59:34 [main] INFO  org.springframework.boot.autoconfigure.web.servlet.WelcomePageHandlerMapping - Adding welcome page template: index
2020-02-28 12:59:35 [main] INFO  com.wnsf.yjxt.YjxtApplicationTests - Started YjxtApplicationTests in 18.885 seconds (JVM running for 27.498)
2020-02-28 12:59:38 [SpringContextShutdownHook] INFO  org.springframework.scheduling.concurrent.ThreadPoolTaskExecutor - Shutting down ExecutorService 'applicationTaskExecutor'
2020-02-28 12:59:38 [SpringContextShutdownHook] INFO  com.alibaba.druid.pool.DruidDataSource - {dataSource-0} closing ...
2020-02-28 13:01:29 [main] INFO  com.wnsf.yjxt.YjxtApplicationTests - Starting YjxtApplicationTests on DESKTOP-OEERP2L with PID 2604 (started by Starry_sky in E:\Program\JavaEE\item\yjxt)
2020-02-28 13:01:29 [main] INFO  com.wnsf.yjxt.YjxtApplicationTests - No active profile set, falling back to default profiles: default
2020-02-28 13:01:42 [main] INFO  org.springframework.scheduling.concurrent.ThreadPoolTaskExecutor - Initializing ExecutorService 'applicationTaskExecutor'
2020-02-28 13:01:43 [main] INFO  org.springframework.boot.autoconfigure.web.servlet.WelcomePageHandlerMapping - Adding welcome page template: index
2020-02-28 13:01:44 [main] INFO  com.wnsf.yjxt.YjxtApplicationTests - Started YjxtApplicationTests in 19.709 seconds (JVM running for 28.686)
2020-02-28 13:01:48 [SpringContextShutdownHook] INFO  org.springframework.scheduling.concurrent.ThreadPoolTaskExecutor - Shutting down ExecutorService 'applicationTaskExecutor'
2020-02-28 13:01:48 [SpringContextShutdownHook] INFO  com.alibaba.druid.pool.DruidDataSource - {dataSource-0} closing ...
2020-02-28 13:03:27 [main] INFO  com.wnsf.yjxt.YjxtApplicationTests - Starting YjxtApplicationTests on DESKTOP-OEERP2L with PID 10924 (started by Starry_sky in E:\Program\JavaEE\item\yjxt)
2020-02-28 13:03:27 [main] INFO  com.wnsf.yjxt.YjxtApplicationTests - No active profile set, falling back to default profiles: default
2020-02-28 13:03:40 [main] INFO  org.springframework.scheduling.concurrent.ThreadPoolTaskExecutor - Initializing ExecutorService 'applicationTaskExecutor'
2020-02-28 13:03:41 [main] INFO  org.springframework.boot.autoconfigure.web.servlet.WelcomePageHandlerMapping - Adding welcome page template: index
2020-02-28 13:03:43 [main] INFO  com.wnsf.yjxt.YjxtApplicationTests - Started YjxtApplicationTests in 19.582 seconds (JVM running for 28.647)
2020-02-28 13:03:46 [SpringContextShutdownHook] INFO  org.springframework.scheduling.concurrent.ThreadPoolTaskExecutor - Shutting down ExecutorService 'applicationTaskExecutor'
2020-02-28 13:03:46 [SpringContextShutdownHook] INFO  com.alibaba.druid.pool.DruidDataSource - {dataSource-0} closing ...
2020-02-28 13:04:31 [main] INFO  com.wnsf.yjxt.YjxtApplicationTests - Starting YjxtApplicationTests on DESKTOP-OEERP2L with PID 21124 (started by Starry_sky in E:\Program\JavaEE\item\yjxt)
2020-02-28 13:04:31 [main] INFO  com.wnsf.yjxt.YjxtApplicationTests - No active profile set, falling back to default profiles: default
2020-02-28 13:04:45 [main] INFO  org.springframework.scheduling.concurrent.ThreadPoolTaskExecutor - Initializing ExecutorService 'applicationTaskExecutor'
2020-02-28 13:04:46 [main] INFO  org.springframework.boot.autoconfigure.web.servlet.WelcomePageHandlerMapping - Adding welcome page template: index
2020-02-28 13:04:47 [main] INFO  com.wnsf.yjxt.YjxtApplicationTests - Started YjxtApplicationTests in 19.599 seconds (JVM running for 28.413)
2020-02-28 13:04:51 [main] INFO  com.alibaba.druid.pool.DruidDataSource - {dataSource-1} inited
2020-02-28 13:04:52 [SpringContextShutdownHook] INFO  org.springframework.scheduling.concurrent.ThreadPoolTaskExecutor - Shutting down ExecutorService 'applicationTaskExecutor'
2020-02-28 13:04:52 [SpringContextShutdownHook] INFO  com.alibaba.druid.pool.DruidDataSource - {dataSource-1} closing ...
2020-02-28 13:04:52 [SpringContextShutdownHook] INFO  com.alibaba.druid.pool.DruidDataSource - {dataSource-1} closed
2020-02-28 13:11:34 [main] INFO  com.wnsf.yjxt.YjxtApplicationTests - Starting YjxtApplicationTests on DESKTOP-OEERP2L with PID 30664 (started by Starry_sky in E:\Program\JavaEE\item\yjxt)
2020-02-28 13:11:34 [main] INFO  com.wnsf.yjxt.YjxtApplicationTests - No active profile set, falling back to default profiles: default
2020-02-28 13:11:48 [main] INFO  org.springframework.scheduling.concurrent.ThreadPoolTaskExecutor - Initializing ExecutorService 'applicationTaskExecutor'
2020-02-28 13:11:48 [main] INFO  org.springframework.boot.autoconfigure.web.servlet.WelcomePageHandlerMapping - Adding welcome page template: index
2020-02-28 13:11:50 [main] INFO  com.wnsf.yjxt.YjxtApplicationTests - Started YjxtApplicationTests in 18.191 seconds (JVM running for 27.721)
2020-02-28 13:11:54 [main] INFO  com.alibaba.druid.pool.DruidDataSource - {dataSource-1} inited
2020-02-28 13:11:55 [SpringContextShutdownHook] INFO  org.springframework.scheduling.concurrent.ThreadPoolTaskExecutor - Shutting down ExecutorService 'applicationTaskExecutor'
2020-02-28 13:11:55 [SpringContextShutdownHook] INFO  com.alibaba.druid.pool.DruidDataSource - {dataSource-1} closing ...
2020-02-28 13:11:55 [SpringContextShutdownHook] INFO  com.alibaba.druid.pool.DruidDataSource - {dataSource-1} closed
